<?xml version="1.0" encoding="UTF-8"?>
<!-- Generated by org.testng.reporters.JUnitReportReporter -->
<testsuite hostname="DESKTOP-IVL9FE8" name="tests.Test_search" tests="1" failures="0" timestamp="7 Aug 2017 22:55:34 GMT" time="18.658" errors="0">
  <testcase name="test" time="18.658" classname="tests.Test_search"/>
</testsuite> <!-- tests.Test_search -->
